Config files created!
ok
ok
ok
ok
Wallpapers preloaded!
Auto wallpaper script started!
10743
10746
w.sh：找不到任何行程
error: invalid value '$HOME/.config/wallpapers/custom/112385449_p0.jpg' for '<IMAGE>': Path '$HOME/.config/wallpapers/custom/112385449_p0.jpg' does not exist

For more information, try '--help'.
wal：找不到任何行程
Config files created!
ok
ok
ok
ok
Wallpapers preloaded!
Auto wallpaper script started!
error: invalid value '$HOME/.config/wallpapers/custom/1301926.jpg' for '<IMAGE>': Path '$HOME/.config/wallpapers/custom/1301926.jpg' does not exist

For more information, try '--help'.
wal：找不到任何行程
